<?xml version="1.0" encoding="UTF-8"?>
<!-- Generated by org.testng.reporters.JUnitReportReporter -->
<testsuite hostname="DESKTOP-G75CKMJ" failures="0" tests="2" name="OpencartCucumber.RegisterPageRunner" time="11.365" errors="0" timestamp="2024-04-30T16:59:28 IST" skipped="0">
  <testcase classname="OpencartCucumber.RegisterPageRunner" name="runScenario" time="4.573"/>
  <testcase classname="OpencartCucumber.RegisterPageRunner" name="runScenario" time="6.792"/>
</testsuite> <!-- OpencartCucumber.RegisterPageRunner -->
