<?xml version="1.0" encoding="UTF-8"?>
<!-- Generated by org.testng.reporters.JUnitReportReporter -->
<testsuite hostname="DESKTOP-G75CKMJ" failures="0" tests="1" name="TestCases.LoginPageTest" time="4.710" errors="0" timestamp="2024-04-27T15:02:56 IST" skipped="0">
  <testcase classname="TestCases.LoginPageTest" name="Login_an_Account_by_providing_only_the_Mandatory_fields" time="4.710"/>
</testsuite> <!-- TestCases.LoginPageTest -->
