<?xml version="1.0" encoding="UTF-8"?>
<!-- Generated by org.testng.reporters.JUnitReportReporter -->
<testsuite hostname="DESKTOP-G75CKMJ" failures="0" tests="1" name="TestCases.ApplicationTest" time="6.532" errors="0" timestamp="2024-04-26T16:17:28 IST" skipped="0">
  <testcase classname="TestCases.ApplicationTest" name="Verify_whether_the_user_is_restricted_from_registring_a_duplicate_account" time="6.532"/>
</testsuite> <!-- TestCases.ApplicationTest -->
