<?xml version="1.0" encoding="UTF-8"?>
<!-- Generated by org.testng.reporters.JUnitReportReporter -->
<testsuite hostname="DESKTOP-G75CKMJ" failures="0" tests="1" name="TestCases.RegisterationPageTest" time="6.427" errors="0" timestamp="2024-04-29T16:54:04 IST" skipped="0">
  <testcase classname="TestCases.RegisterationPageTest" name="Registering_an_Account_by_providing_only_the_Mandatory_fields" time="6.427"/>
</testsuite> <!-- TestCases.RegisterationPageTest -->
